{
  "stats": {
    "suites": 1,
    "tests": 1,
    "passes": 1,
    "pending": 0,
    "failures": 0,
    "start": "2024-11-24T19:10:37.823Z",
    "end": "2024-11-24T19:11:27.505Z",
    "duration": 49682,
    "testsRegistered": 1,
    "passPercent": 100,
    "pendingPercent": 0,
    "other": 0,
    "hasOther": false,
    "skipped": 0,
    "hasSkipped": false
  },
  "results": [
    {
      "uuid": "08b10932-b6ca-4dc3-8bbb-ded3e2fdf7c4",
      "title": "",
      "fullFile": "cypress/e2e/profilePageTests.cy.js",
      "file": "cypress/e2e/profilePageTests.cy.js",
      "beforeHooks": [],
      "afterHooks": [],
      "tests": [],
      "suites": [
        {
          "uuid": "93b31c34-5b53-48b8-ad0d-1c87fe55e2e6",
          "title": "Profile employee personlan data Tests",
          "fullFile": "",
          "file": "",
          "beforeHooks": [],
          "afterHooks": [],
          "tests": [
            {
              "title": "Update employee personal data",
              "fullTitle": "Profile employee personlan data Tests Update employee personal data",
              "timedOut": null,
              "duration": 49619,
              "state": "passed",
              "speed": "slow",
              "pass": true,
              "fail": false,
              "pending": false,
              "context": null,
              "code": "_SchedulesPage.default.visitProfilePage();\n_PersonalProfilePage.default.updateEmployeeTitle('Mr');\n_PersonalProfilePage.default.updatePhoneNumber(Math.floor(100000 + Math.random() * 900000).toString());\n_PersonalProfilePage.default.updateCountry('United States of America');\n_PersonalProfilePage.default.updateDateOfBirth(_utilsMethods.default.generateRandomDate('1970-01-01', '2008-01-01'));\n_PersonalProfilePage.default.updateEthnicity('British');\n_PersonalProfilePage.default.updatePassportExpiry(_utilsMethods.default.generateRandomDate('2024-01-01', '2040-01-01'));",
              "err": {},
              "uuid": "ac87a94c-a71e-4a0e-968d-aaf9718cd7f8",
              "parentUUID": "93b31c34-5b53-48b8-ad0d-1c87fe55e2e6",
              "isHook": false,
              "skipped": false
            }
          ],
          "suites": [],
          "passes": [
            "ac87a94c-a71e-4a0e-968d-aaf9718cd7f8"
          ],
          "failures": [],
          "pending": [],
          "skipped": [],
          "duration": 49619,
          "root": false,
          "rootEmpty": false,
          "_timeout": 2000
        }
      ],
      "passes": [],
      "failures": [],
      "pending": [],
      "skipped": [],
      "duration": 0,
      "root": true,
      "rootEmpty": true,
      "_timeout": 2000
    }
  ],
  "meta": {
    "mocha": {
      "version": "7.0.1"
    },
    "mochawesome": {
      "options": {
        "quiet": false,
        "reportFilename": "mochawesome",
        "saveHtml": false,
        "saveJson": true,
        "consoleReporter": "spec",
        "useInlineDiffs": false,
        "code": true
      },
      "version": "7.1.3"
    },
    "marge": {
      "options": {
        "id": "default",
        "reportDir": "cypress/reports/mocha",
        "quite": true,
        "overwrite": false,
        "html": false,
        "json": true
      },
      "version": "6.2.0"
    }
  }
}