{
  "stats": {
    "suites": 1,
    "tests": 1,
    "passes": 1,
    "pending": 0,
    "failures": 0,
    "start": "2024-11-24T19:11:29.628Z",
    "end": "2024-11-24T19:12:02.435Z",
    "duration": 32807,
    "testsRegistered": 1,
    "passPercent": 100,
    "pendingPercent": 0,
    "other": 0,
    "hasOther": false,
    "skipped": 0,
    "hasSkipped": false
  },
  "results": [
    {
      "uuid": "9ee985c2-e38c-4321-ae96-8082ad0c5451",
      "title": "",
      "fullFile": "cypress/e2e/timeOffRequests.cy.js",
      "file": "cypress/e2e/timeOffRequests.cy.js",
      "beforeHooks": [],
      "afterHooks": [],
      "tests": [],
      "suites": [
        {
          "uuid": "d97d1883-3b22-49bc-8dff-aa47c56f9483",
          "title": "New time off requests tests",
          "fullFile": "",
          "file": "",
          "beforeHooks": [],
          "afterHooks": [],
          "tests": [
            {
              "title": "Create a new time off request",
              "fullTitle": "New time off requests tests Create a new time off request",
              "timedOut": null,
              "duration": 32769,
              "state": "passed",
              "speed": "slow",
              "pass": true,
              "fail": false,
              "pending": false,
              "context": null,
              "code": "_SchedulesPage.default.visitTimeOffPage();\n_TimeOffRequestsPage.default.createTimeOffRequest('Other', '10/12/2024', '15/12/2024', 'vacation test test');",
              "err": {},
              "uuid": "c7bd3c1a-ab17-4798-b3bc-a752e4d97b9e",
              "parentUUID": "d97d1883-3b22-49bc-8dff-aa47c56f9483",
              "isHook": false,
              "skipped": false
            }
          ],
          "suites": [],
          "passes": [
            "c7bd3c1a-ab17-4798-b3bc-a752e4d97b9e"
          ],
          "failures": [],
          "pending": [],
          "skipped": [],
          "duration": 32769,
          "root": false,
          "rootEmpty": false,
          "_timeout": 2000
        }
      ],
      "passes": [],
      "failures": [],
      "pending": [],
      "skipped": [],
      "duration": 0,
      "root": true,
      "rootEmpty": true,
      "_timeout": 2000
    }
  ],
  "meta": {
    "mocha": {
      "version": "7.0.1"
    },
    "mochawesome": {
      "options": {
        "quiet": false,
        "reportFilename": "mochawesome",
        "saveHtml": false,
        "saveJson": true,
        "consoleReporter": "spec",
        "useInlineDiffs": false,
        "code": true
      },
      "version": "7.1.3"
    },
    "marge": {
      "options": {
        "id": "default",
        "reportDir": "cypress/reports/mocha",
        "quite": true,
        "overwrite": false,
        "html": false,
        "json": true
      },
      "version": "6.2.0"
    }
  }
}