{
  "stats": {
    "suites": 3,
    "tests": 3,
    "passes": 3,
    "pending": 0,
    "failures": 0,
    "testsRegistered": 3,
    "passPercent": 100,
    "pendingPercent": 0,
    "other": 0,
    "hasOther": false,
    "skipped": 0,
    "hasSkipped": false,
    "start": "2024-11-24T19:10:37.823Z",
    "end": "2024-11-24T19:12:36.030Z",
    "duration": 118207
  },
  "results": [
    {
      "uuid": "9ee985c2-e38c-4321-ae96-8082ad0c5451",
      "title": "",
      "fullFile": "cypress/e2e/timeOffRequests.cy.js",
      "file": "cypress/e2e/timeOffRequests.cy.js",
      "beforeHooks": [],
      "afterHooks": [],
      "tests": [],
      "suites": [
        {
          "uuid": "d97d1883-3b22-49bc-8dff-aa47c56f9483",
          "title": "New time off requests tests",
          "fullFile": "",
          "file": "",
          "beforeHooks": [],
          "afterHooks": [],
          "tests": [
            {
              "title": "Create a new time off request",
              "fullTitle": "New time off requests tests Create a new time off request",
              "timedOut": null,
              "duration": 32769,
              "state": "passed",
              "speed": "slow",
              "pass": true,
              "fail": false,
              "pending": false,
              "context": null,
              "code": "_SchedulesPage.default.visitTimeOffPage();\n_TimeOffRequestsPage.default.createTimeOffRequest('Other', '10/12/2024', '15/12/2024', 'vacation test test');",
              "err": {},
              "uuid": "c7bd3c1a-ab17-4798-b3bc-a752e4d97b9e",
              "parentUUID": "d97d1883-3b22-49bc-8dff-aa47c56f9483",
              "isHook": false,
              "skipped": false
            }
          ],
          "suites": [],
          "passes": [
            "c7bd3c1a-ab17-4798-b3bc-a752e4d97b9e"
          ],
          "failures": [],
          "pending": [],
          "skipped": [],
          "duration": 32769,
          "root": false,
          "rootEmpty": false,
          "_timeout": 2000
        }
      ],
      "passes": [],
      "failures": [],
      "pending": [],
      "skipped": [],
      "duration": 0,
      "root": true,
      "rootEmpty": true,
      "_timeout": 2000
    },
    {
      "uuid": "53c3140c-7211-4e59-a141-fea000c8300f",
      "title": "",
      "fullFile": "cypress/e2e/unavailabilityRequest.cy.js",
      "file": "cypress/e2e/unavailabilityRequest.cy.js",
      "beforeHooks": [],
      "afterHooks": [],
      "tests": [],
      "suites": [
        {
          "uuid": "e2cc160f-4526-4cca-833f-7dc40d418012",
          "title": "New unavailability requests tests",
          "fullFile": "",
          "file": "",
          "beforeHooks": [],
          "afterHooks": [],
          "tests": [
            {
              "title": "Create a new unavailability ",
              "fullTitle": "New unavailability requests tests Create a new unavailability ",
              "timedOut": null,
              "duration": 31600,
              "state": "passed",
              "speed": "slow",
              "pass": true,
              "fail": false,
              "pending": false,
              "context": null,
              "code": "const today = new Date(); // Ensure today is defined\nconst todayDate = `${today.getDate().toString().padStart(2, '0')}/${(today.getMonth() + 1).toString().padStart(2, '0')}/${today.getFullYear()}`;\nconst futureDate = new Date(today);\nfutureDate.setDate(today.getDate() + 3);\nconst formattedFutureDate = `${futureDate.getDate().toString().padStart(2, '0')}/${(futureDate.getMonth() + 1).toString().padStart(2, '0')}/${futureDate.getFullYear()}`;\n_SchedulesPage.default.visitUnavailabilityPage();\n_unavailabilityPage.default.createUnavailabilityRequest('Recurring', todayDate, formattedFutureDate, '01:00', '03:00', 'Test unavailbilty');",
              "err": {},
              "uuid": "5cd7ced2-a700-4a9f-945c-cc42b57ae04e",
              "parentUUID": "e2cc160f-4526-4cca-833f-7dc40d418012",
              "isHook": false,
              "skipped": false
            }
          ],
          "suites": [],
          "passes": [
            "5cd7ced2-a700-4a9f-945c-cc42b57ae04e"
          ],
          "failures": [],
          "pending": [],
          "skipped": [],
          "duration": 31600,
          "root": false,
          "rootEmpty": false,
          "_timeout": 2000
        }
      ],
      "passes": [],
      "failures": [],
      "pending": [],
      "skipped": [],
      "duration": 0,
      "root": true,
      "rootEmpty": true,
      "_timeout": 2000
    },
    {
      "uuid": "08b10932-b6ca-4dc3-8bbb-ded3e2fdf7c4",
      "title": "",
      "fullFile": "cypress/e2e/profilePageTests.cy.js",
      "file": "cypress/e2e/profilePageTests.cy.js",
      "beforeHooks": [],
      "afterHooks": [],
      "tests": [],
      "suites": [
        {
          "uuid": "93b31c34-5b53-48b8-ad0d-1c87fe55e2e6",
          "title": "Profile employee personlan data Tests",
          "fullFile": "",
          "file": "",
          "beforeHooks": [],
          "afterHooks": [],
          "tests": [
            {
              "title": "Update employee personal data",
              "fullTitle": "Profile employee personlan data Tests Update employee personal data",
              "timedOut": null,
              "duration": 49619,
              "state": "passed",
              "speed": "slow",
              "pass": true,
              "fail": false,
              "pending": false,
              "context": null,
              "code": "_SchedulesPage.default.visitProfilePage();\n_PersonalProfilePage.default.updateEmployeeTitle('Mr');\n_PersonalProfilePage.default.updatePhoneNumber(Math.floor(100000 + Math.random() * 900000).toString());\n_PersonalProfilePage.default.updateCountry('United States of America');\n_PersonalProfilePage.default.updateDateOfBirth(_utilsMethods.default.generateRandomDate('1970-01-01', '2008-01-01'));\n_PersonalProfilePage.default.updateEthnicity('British');\n_PersonalProfilePage.default.updatePassportExpiry(_utilsMethods.default.generateRandomDate('2024-01-01', '2040-01-01'));",
              "err": {},
              "uuid": "ac87a94c-a71e-4a0e-968d-aaf9718cd7f8",
              "parentUUID": "93b31c34-5b53-48b8-ad0d-1c87fe55e2e6",
              "isHook": false,
              "skipped": false
            }
          ],
          "suites": [],
          "passes": [
            "ac87a94c-a71e-4a0e-968d-aaf9718cd7f8"
          ],
          "failures": [],
          "pending": [],
          "skipped": [],
          "duration": 49619,
          "root": false,
          "rootEmpty": false,
          "_timeout": 2000
        }
      ],
      "passes": [],
      "failures": [],
      "pending": [],
      "skipped": [],
      "duration": 0,
      "root": true,
      "rootEmpty": true,
      "_timeout": 2000
    }
  ],
  "meta": {
    "mocha": {
      "version": "7.0.1"
    },
    "mochawesome": {
      "options": {
        "quiet": false,
        "reportFilename": "mochawesome",
        "saveHtml": false,
        "saveJson": true,
        "consoleReporter": "spec",
        "useInlineDiffs": false,
        "code": true
      },
      "version": "7.1.3"
    },
    "marge": {
      "options": {
        "id": "default",
        "reportDir": "cypress/reports/mocha",
        "quite": true,
        "overwrite": false,
        "html": false,
        "json": true
      },
      "version": "6.2.0"
    }
  }
}